<?xml version="1.0" encoding="UTF-8"?>
<!-- Generated by org.testng.reporters.JUnitReportReporter -->
<testsuite skipped="0" hostname="DESKTOP-QL74M3G" name="com.ApiTestcases.TC001_Get_All_Employees" tests="8" failures="0" timestamp="2020-04-07T13:34:32 IST" time="0.065" errors="0">
  <testcase name="CheckresponseBody" time="0.049" classname="com.ApiTestcases.TC001_Get_All_Employees"/>
  <system-out/>
  <testcase name="checkresponsecode" time="0.000" classname="com.ApiTestcases.TC001_Get_All_Employees"/>
  <system-out/>
  <testcase name="CheckResponseTime" time="0.000" classname="com.ApiTestcases.TC001_Get_All_Employees"/>
  <system-out/>
  <testcase name="checkstatusline" time="0.000" classname="com.ApiTestcases.TC001_Get_All_Employees"/>
  <system-out/>
  <testcase name="checkcontenttype" time="0.000" classname="com.ApiTestcases.TC001_Get_All_Employees"/>
  <system-out/>
  <testcase name="checkservertype" time="0.016" classname="com.ApiTestcases.TC001_Get_All_Employees"/>
  <system-out/>
  <testcase name="checkcontentencoding" time="0.000" classname="com.ApiTestcases.TC001_Get_All_Employees"/>
  <system-out/>
  <testcase name="checkcontentlength" time="0.000" classname="com.ApiTestcases.TC001_Get_All_Employees"/>
  <system-out/>
</testsuite> <!-- com.ApiTestcases.TC001_Get_All_Employees -->
