<?xml version="1.0" encoding="UTF-8"?>
<!-- Generated by org.testng.reporters.JUnitReportReporter -->
<testsuite skipped="0" hostname="DESKTOP-QL74M3G" name="com.ApiTestcases.TC003_Post_Employee_Record" tests="5" failures="0" timestamp="2020-04-07T13:34:32 IST" time="0.008" errors="0">
  <testcase name="checkresponsebody" time="0.002" classname="com.ApiTestcases.TC003_Post_Employee_Record"/>
  <system-out/>
  <testcase name="checkStatusCode" time="0.002" classname="com.ApiTestcases.TC003_Post_Employee_Record"/>
  <system-out/>
  <testcase name="checkstatusLine" time="0.002" classname="com.ApiTestcases.TC003_Post_Employee_Record"/>
  <system-out/>
  <testcase name="checkContentType" time="0.001" classname="com.ApiTestcases.TC003_Post_Employee_Record"/>
  <system-out/>
  <testcase name="checkserverType" time="0.001" classname="com.ApiTestcases.TC003_Post_Employee_Record"/>
  <system-out/>
</testsuite> <!-- com.ApiTestcases.TC003_Post_Employee_Record -->
